app/build/intermediates/manifest_merge_blame_file/release/manifest-merger-blame-release-report.txt
1<?xml version="1.0" encoding="utf-8"?>
2<manifest xmlns:android="http://schemas.android.com/apk/res/android"
3    package="org.appspot.apprtc"
4    android:versionCode="446"
5    android:versionName="1.0.0" >
6
7    <uses-sdk
8        android:minSdkVersion="21"
9        android:targetSdkVersion="35" />
10
11    <uses-feature android:name="android.hardware.camera" />
11-->src\main\AndroidManifest.xml:7:5-60
11-->src\main\AndroidManifest.xml:7:19-57
12    <uses-feature android:name="android.hardware.camera.autofocus" />
12-->src\main\AndroidManifest.xml:8:5-70
12-->src\main\AndroidManifest.xml:8:19-67
13    <uses-feature
13-->src\main\AndroidManifest.xml:9:5-78
14        android:glEsVersion="0x00020000"
14-->src\main\AndroidManifest.xml:9:19-51
15        android:required="true" />
15-->src\main\AndroidManifest.xml:9:52-75
16
17    <uses-permission android:name="android.permission.CAMERA" />
17-->src\main\AndroidManifest.xml:11:5-65
17-->src\main\AndroidManifest.xml:11:22-62
18    <uses-permission android:name="android.permission.CHANGE_NETWORK_STATE" />
18-->src\main\AndroidManifest.xml:12:5-79
18-->src\main\AndroidManifest.xml:12:22-76
19    <uses-permission android:name="android.permission.MODIFY_AUDIO_SETTINGS" />
19-->src\main\AndroidManifest.xml:13:5-80
19-->src\main\AndroidManifest.xml:13:22-77
20    <uses-permission android:name="android.permission.RECORD_AUDIO" />
20-->src\main\AndroidManifest.xml:14:5-71
20-->src\main\AndroidManifest.xml:14:22-68
21    <uses-permission android:name="android.permission.BLUETOOTH" />
21-->src\main\AndroidManifest.xml:15:5-68
21-->src\main\AndroidManifest.xml:15:22-65
22    <uses-permission android:name="android.permission.BLUETOOTH_CONNECT" />
22-->src\main\AndroidManifest.xml:16:5-76
22-->src\main\AndroidManifest.xml:16:22-73
23    <uses-permission android:name="android.permission.INTERNET" />
23-->src\main\AndroidManifest.xml:18:5-67
23-->src\main\AndroidManifest.xml:18:22-64
24    <uses-permission android:name="android.permission.WRITE_EXTERNAL_STORAGE" />
24-->src\main\AndroidManifest.xml:19:5-80
24-->src\main\AndroidManifest.xml:19:22-78
25    <uses-permission android:name="android.permission.ACCESS_NETWORK_STATE" />
25-->src\main\AndroidManifest.xml:20:5-79
25-->src\main\AndroidManifest.xml:20:22-76
26
27    <uses-feature
27-->[com.journeyapps:zxing-android-embedded:3.6.0] AndroidManifest.xml:28:5-30:36
28        android:name="android.hardware.camera.front"
28-->[com.journeyapps:zxing-android-embedded:3.6.0] AndroidManifest.xml:29:9-53
29        android:required="false" />
29-->[com.journeyapps:zxing-android-embedded:3.6.0] AndroidManifest.xml:30:9-33
30    <uses-feature
30-->[com.journeyapps:zxing-android-embedded:3.6.0] AndroidManifest.xml:36:5-38:36
31        android:name="android.hardware.camera.flash"
31-->[com.journeyapps:zxing-android-embedded:3.6.0] AndroidManifest.xml:37:9-53
32        android:required="false" />
32-->[com.journeyapps:zxing-android-embedded:3.6.0] AndroidManifest.xml:38:9-33
33    <uses-feature
33-->[com.journeyapps:zxing-android-embedded:3.6.0] AndroidManifest.xml:39:5-41:36
34        android:name="android.hardware.screen.landscape"
34-->[com.journeyapps:zxing-android-embedded:3.6.0] AndroidManifest.xml:40:9-57
35        android:required="false" />
35-->[com.journeyapps:zxing-android-embedded:3.6.0] AndroidManifest.xml:41:9-33
36    <uses-feature
36-->[com.journeyapps:zxing-android-embedded:3.6.0] AndroidManifest.xml:42:5-44:36
37        android:name="android.hardware.wifi"
37-->[com.journeyapps:zxing-android-embedded:3.6.0] AndroidManifest.xml:43:9-45
38        android:required="false" />
38-->[com.journeyapps:zxing-android-embedded:3.6.0] AndroidManifest.xml:44:9-33
39
40    <permission
40-->[androidx.core:core:1.13.0] AndroidManifest.xml:22:5-24:47
41        android:name="org.appspot.apprtc.DYNAMIC_RECEIVER_NOT_EXPORTED_PERMISSION"
41-->[androidx.core:core:1.13.0] AndroidManifest.xml:23:9-81
42        android:protectionLevel="signature" />
42-->[androidx.core:core:1.13.0] AndroidManifest.xml:24:9-44
43
44    <uses-permission android:name="org.appspot.apprtc.DYNAMIC_RECEIVER_NOT_EXPORTED_PERMISSION" /> <!-- This is a test application that should always be debuggable. -->
44-->[androidx.core:core:1.13.0] AndroidManifest.xml:26:5-97
44-->[androidx.core:core:1.13.0] AndroidManifest.xml:26:22-94
45    <application
45-->src\main\AndroidManifest.xml:23:5-75:19
46        android:allowBackup="false"
46-->src\main\AndroidManifest.xml:25:18-45
47        android:appComponentFactory="androidx.core.app.CoreComponentFactory"
47-->[androidx.core:core:1.13.0] AndroidManifest.xml:28:18-86
48        android:debuggable="true"
48-->src\main\AndroidManifest.xml:26:18-43
49        android:extractNativeLibs="true"
50        android:icon="@drawable/ic_launcher"
50-->src\main\AndroidManifest.xml:24:18-54
51        android:label="@string/app_name"
51-->src\main\AndroidManifest.xml:23:18-50
52        android:supportsRtl="false" >
52-->src\main\AndroidManifest.xml:27:18-45
53        <activity
53-->src\main\AndroidManifest.xml:30:9-47:20
54            android:name="org.appspot.apprtc.ConnectActivity"
54-->src\main\AndroidManifest.xml:30:19-49
55            android:exported="true"
55-->src\main\AndroidManifest.xml:34:19-42
56            android:label="@string/app_name"
56-->src\main\AndroidManifest.xml:31:19-51
57            android:theme="@style/AppTheme"
57-->src\main\AndroidManifest.xml:33:19-50
58            android:windowSoftInputMode="adjustPan" >
58-->src\main\AndroidManifest.xml:32:19-58
59            <intent-filter>
59-->src\main\AndroidManifest.xml:35:13-38:29
60                <action android:name="android.intent.action.MAIN" />
60-->src\main\AndroidManifest.xml:36:17-68
60-->src\main\AndroidManifest.xml:36:25-66
61
62                <category android:name="android.intent.category.LAUNCHER" />
62-->src\main\AndroidManifest.xml:37:17-76
62-->src\main\AndroidManifest.xml:37:27-74
63            </intent-filter>
64            <intent-filter>
64-->src\main\AndroidManifest.xml:40:13-46:29
65                <action android:name="android.intent.action.VIEW" />
65-->src\main\AndroidManifest.xml:41:17-68
65-->src\main\AndroidManifest.xml:41:25-66
66
67                <category android:name="android.intent.category.DEFAULT" />
67-->src\main\AndroidManifest.xml:42:17-75
67-->src\main\AndroidManifest.xml:42:27-73
68                <category android:name="android.intent.category.BROWSABLE" />
68-->src\main\AndroidManifest.xml:43:17-77
68-->src\main\AndroidManifest.xml:43:27-75
69
70                <data
70-->src\main\AndroidManifest.xml:44:17-70
71                    android:host="appr.tc"
71-->src\main\AndroidManifest.xml:44:46-68
72                    android:scheme="https" />
72-->src\main\AndroidManifest.xml:44:23-45
73                <data
73-->src\main\AndroidManifest.xml:44:17-70
74                    android:host="appr.tc"
74-->src\main\AndroidManifest.xml:44:46-68
75                    android:scheme="http" />
75-->src\main\AndroidManifest.xml:44:23-45
76            </intent-filter>
77        </activity>
78        <activity
78-->src\main\AndroidManifest.xml:49:9-52:20
79            android:name="org.appspot.apprtc.SettingsActivity"
79-->src\main\AndroidManifest.xml:49:19-50
80            android:label="@string/settings_name"
80-->src\main\AndroidManifest.xml:50:19-56
81            android:theme="@style/AppTheme" >
81-->src\main\AndroidManifest.xml:51:19-50
82        </activity>
83        <activity
83-->src\main\AndroidManifest.xml:54:9-59:20
84            android:name="org.appspot.apprtc.CallActivity"
84-->src\main\AndroidManifest.xml:54:19-46
85            android:configChanges="orientation|smallestScreenSize|screenSize|screenLayout"
85-->src\main\AndroidManifest.xml:57:19-97
86            android:label="@string/app_name"
86-->src\main\AndroidManifest.xml:55:19-51
87            android:screenOrientation="fullUser"
87-->src\main\AndroidManifest.xml:56:19-55
88            android:theme="@style/CallActivityTheme" >
88-->src\main\AndroidManifest.xml:58:19-59
89        </activity>
90        <activity
90-->src\main\AndroidManifest.xml:60:9-66:20
91            android:name="org.appspot.apprtc.SimpleSocketRtcActivity"
91-->src\main\AndroidManifest.xml:60:19-57
92            android:exported="true" >
92-->src\main\AndroidManifest.xml:61:13-36
93            <intent-filter>
93-->src\main\AndroidManifest.xml:62:13-65:29
94                <action android:name="android.intent.action.MAIN" />
94-->src\main\AndroidManifest.xml:36:17-68
94-->src\main\AndroidManifest.xml:36:25-66
95                <!-- <category android:name="android.intent.category.LAUNCHER"/> -->
96            </intent-filter>
97        </activity>
98        <!--
99        <activity android:name="SimpleWebRTCActivity"
100            android:exported="true">
101            <intent-filter>
102                <action android:name="android.intent.action.MAIN"/>
103                <category android:name="android.intent.category.LAUNCHER"/>
104            </intent-filter>
105        </activity>
106        -->
107
108        <activity
108-->[com.journeyapps:zxing-android-embedded:3.6.0] AndroidManifest.xml:47:9-53:63
109            android:name="com.journeyapps.barcodescanner.CaptureActivity"
109-->[com.journeyapps:zxing-android-embedded:3.6.0] AndroidManifest.xml:48:13-74
110            android:clearTaskOnLaunch="true"
110-->[com.journeyapps:zxing-android-embedded:3.6.0] AndroidManifest.xml:49:13-45
111            android:screenOrientation="sensorLandscape"
111-->[com.journeyapps:zxing-android-embedded:3.6.0] AndroidManifest.xml:50:13-56
112            android:stateNotNeeded="true"
112-->[com.journeyapps:zxing-android-embedded:3.6.0] AndroidManifest.xml:51:13-42
113            android:theme="@style/zxing_CaptureTheme"
113-->[com.journeyapps:zxing-android-embedded:3.6.0] AndroidManifest.xml:52:13-54
114            android:windowSoftInputMode="stateAlwaysHidden" />
114-->[com.journeyapps:zxing-android-embedded:3.6.0] AndroidManifest.xml:53:13-60
115
116        <provider
116-->[androidx.emoji2:emoji2:1.3.0] AndroidManifest.xml:24:9-32:20
117            android:name="androidx.startup.InitializationProvider"
117-->[androidx.emoji2:emoji2:1.3.0] AndroidManifest.xml:25:13-67
118            android:authorities="org.appspot.apprtc.androidx-startup"
118-->[androidx.emoji2:emoji2:1.3.0] AndroidManifest.xml:26:13-68
119            android:exported="false" >
119-->[androidx.emoji2:emoji2:1.3.0] AndroidManifest.xml:27:13-37
120            <meta-data
120-->[androidx.emoji2:emoji2:1.3.0] AndroidManifest.xml:29:13-31:52
121                android:name="androidx.emoji2.text.EmojiCompatInitializer"
121-->[androidx.emoji2:emoji2:1.3.0] AndroidManifest.xml:30:17-75
122                android:value="androidx.startup" />
122-->[androidx.emoji2:emoji2:1.3.0] AndroidManifest.xml:31:17-49
123            <meta-data
123-->[androidx.lifecycle:lifecycle-process:2.6.2] AndroidManifest.xml:29:13-31:52
124                android:name="androidx.lifecycle.ProcessLifecycleInitializer"
124-->[androidx.lifecycle:lifecycle-process:2.6.2] AndroidManifest.xml:30:17-78
125                android:value="androidx.startup" />
125-->[androidx.lifecycle:lifecycle-process:2.6.2] AndroidManifest.xml:31:17-49
126            <meta-data
126-->[androidx.profileinstaller:profileinstaller:1.3.1] AndroidManifest.xml:29:13-31:52
127                android:name="androidx.profileinstaller.ProfileInstallerInitializer"
127-->[androidx.profileinstaller:profileinstaller:1.3.1] AndroidManifest.xml:30:17-85
128                android:value="androidx.startup" />
128-->[androidx.profileinstaller:profileinstaller:1.3.1] AndroidManifest.xml:31:17-49
129        </provider>
130
131        <receiver
131-->[androidx.profileinstaller:profileinstaller:1.3.1] AndroidManifest.xml:34:9-52:20
132            android:name="androidx.profileinstaller.ProfileInstallReceiver"
132-->[androidx.profileinstaller:profileinstaller:1.3.1] AndroidManifest.xml:35:13-76
133            android:directBootAware="false"
133-->[androidx.profileinstaller:profileinstaller:1.3.1] AndroidManifest.xml:36:13-44
134            android:enabled="true"
134-->[androidx.profileinstaller:profileinstaller:1.3.1] AndroidManifest.xml:37:13-35
135            android:exported="true"
135-->[androidx.profileinstaller:profileinstaller:1.3.1] AndroidManifest.xml:38:13-36
136            android:permission="android.permission.DUMP" >
136-->[androidx.profileinstaller:profileinstaller:1.3.1] AndroidManifest.xml:39:13-57
137            <intent-filter>
137-->[androidx.profileinstaller:profileinstaller:1.3.1] AndroidManifest.xml:40:13-42:29
138                <action android:name="androidx.profileinstaller.action.INSTALL_PROFILE" />
138-->[androidx.profileinstaller:profileinstaller:1.3.1] AndroidManifest.xml:41:17-91
138-->[androidx.profileinstaller:profileinstaller:1.3.1] AndroidManifest.xml:41:25-88
139            </intent-filter>
140            <intent-filter>
140-->[androidx.profileinstaller:profileinstaller:1.3.1] AndroidManifest.xml:43:13-45:29
141                <action android:name="androidx.profileinstaller.action.SKIP_FILE" />
141-->[androidx.profileinstaller:profileinstaller:1.3.1] AndroidManifest.xml:44:17-85
141-->[androidx.profileinstaller:profileinstaller:1.3.1] AndroidManifest.xml:44:25-82
142            </intent-filter>
143            <intent-filter>
143-->[androidx.profileinstaller:profileinstaller:1.3.1] AndroidManifest.xml:46:13-48:29
144                <action android:name="androidx.profileinstaller.action.SAVE_PROFILE" />
144-->[androidx.profileinstaller:profileinstaller:1.3.1] AndroidManifest.xml:47:17-88
144-->[androidx.profileinstaller:profileinstaller:1.3.1] AndroidManifest.xml:47:25-85
145            </intent-filter>
146            <intent-filter>
146-->[androidx.profileinstaller:profileinstaller:1.3.1] AndroidManifest.xml:49:13-51:29
147                <action android:name="androidx.profileinstaller.action.BENCHMARK_OPERATION" />
147-->[androidx.profileinstaller:profileinstaller:1.3.1] AndroidManifest.xml:50:17-95
147-->[androidx.profileinstaller:profileinstaller:1.3.1] AndroidManifest.xml:50:25-92
148            </intent-filter>
149        </receiver>
150    </application>
151
152</manifest>